c:\users\neca\desktop\opengl\opengl\debug\opengl.pch
c:\users\neca\desktop\opengl\opengl\debug\vc140.pdb
c:\users\neca\desktop\opengl\opengl\debug\vc140.idb
c:\users\neca\desktop\opengl\opengl\debug\stdafx.obj
c:\users\neca\desktop\opengl\opengl\debug\classview.obj
c:\users\neca\desktop\opengl\opengl\debug\dimage.obj
c:\users\neca\desktop\opengl\opengl\debug\fileview.obj
c:\users\neca\desktop\opengl\opengl\debug\mainfrm.obj
c:\users\neca\desktop\opengl\opengl\debug\openggltexture.obj
c:\users\neca\desktop\opengl\opengl\debug\opengl.obj
c:\users\neca\desktop\opengl\opengl\debug\opengldoc.obj
c:\users\neca\desktop\opengl\opengl\debug\openglmaterial.obj
c:\users\neca\desktop\opengl\opengl\debug\openglrenderer.obj
c:\users\neca\desktop\opengl\opengl\debug\openglview.obj
c:\users\neca\desktop\opengl\opengl\debug\outputwnd.obj
c:\users\neca\desktop\opengl\opengl\debug\propertieswnd.obj
c:\users\neca\desktop\opengl\opengl\debug\viewtree.obj
c:\users\neca\desktop\opengl\debug\opengl.ilk
c:\users\neca\desktop\opengl\debug\opengl.exe
c:\users\neca\desktop\opengl\debug\opengl.pdb
c:\users\neca\desktop\opengl\opengl\debug\opengl.res
c:\users\neca\desktop\opengl\opengl\debug\opengl.tlog\cl.command.1.tlog
c:\users\neca\desktop\opengl\opengl\debug\opengl.tlog\cl.read.1.tlog
c:\users\neca\desktop\opengl\opengl\debug\opengl.tlog\cl.write.1.tlog
c:\users\neca\desktop\opengl\opengl\debug\opengl.tlog\link.command.1.tlog
c:\users\neca\desktop\opengl\opengl\debug\opengl.tlog\link.read.1.tlog
c:\users\neca\desktop\opengl\opengl\debug\opengl.tlog\link.write.1.tlog
c:\users\neca\desktop\opengl\opengl\debug\opengl.tlog\rc.command.1.tlog
c:\users\neca\desktop\opengl\opengl\debug\opengl.tlog\rc.read.1.tlog
c:\users\neca\desktop\opengl\opengl\debug\opengl.tlog\rc.write.1.tlog
